<?xml version="1.0" encoding="UTF-8"?>
<testsuite name="test_calc.test_calc-20220224150839" tests="2" file="test_calc.py" time="0.004" timestamp="2022-02-24T15:08:39" failures="0" errors="0" skipped="0">
	<testcase classname="test_calc.test_calc" name="test_minus" time="0.004" timestamp="2022-02-24T15:08:39" file="test_calc.py" line="9"/>
	<testcase classname="test_calc.test_calc" name="test_sum" time="0.000" timestamp="2022-02-24T15:08:39" file="test_calc.py" line="6"/>
</testsuite>
